2020.10.20 06:30:22 INFO  started: Metals version 0.9.4 in workspace '/home/jocal/Desktop/nodehipster_projects/jovi-trade/backend-dejotrade/scala-play-react-seed' for client vscode.
2020.10.20 06:30:23 INFO  time: initialize in 0.98s
2020.10.20 06:47:41 INFO  no build target: using presentation compiler with only scala-library
2020.10.20 15:41:52 INFO  skipping build import with status 'Requested'
2020.10.20 15:41:57 INFO  skipping build import with status 'Requested'
2020.10.20 15:49:38 WARN  no build target for: /home/jocal/Desktop/nodehipster_projects/jovi-trade/backend-dejotrade/scala-play-react-seed/test/HomeControllerSpec.scala
2020.10.20 15:49:38 INFO  skipping build import with status 'Requested'
2020.10.20 15:50:34 WARN  no build target for: /home/jocal/Desktop/nodehipster_projects/jovi-trade/backend-dejotrade/scala-play-react-seed/project/FrontendCommands.scala
2020.10.20 15:50:43 WARN  no build target for: /home/jocal/Desktop/nodehipster_projects/jovi-trade/backend-dejotrade/scala-play-react-seed/project/FrontendRunHook.scala
2020.10.20 15:51:33 WARN  no build target for: /home/jocal/Desktop/nodehipster_projects/jovi-trade/backend-dejotrade/scala-play-react-seed/project/FrontendRunHook.scala
2020.10.20 15:51:33 INFO  skipping build import with status 'Requested'
2020.10.20 15:51:50 WARN  no build target for: /home/jocal/Desktop/nodehipster_projects/jovi-trade/backend-dejotrade/scala-play-react-seed/project/FrontendCommands.scala
2020.10.20 15:52:20 WARN  no build target for: /home/jocal/Desktop/nodehipster_projects/jovi-trade/backend-dejotrade/scala-play-react-seed/test/HomeControllerSpec.scala
2020.10.20 15:54:46 WARN  no build target for: /home/jocal/Desktop/nodehipster_projects/jovi-trade/backend-dejotrade/scala-play-react-seed/project/FrontendRunHook.scala
2020.10.20 15:55:19 WARN  no build target for: /home/jocal/Desktop/nodehipster_projects/jovi-trade/backend-dejotrade/scala-play-react-seed/app/controllers/FrontendController.scala
2020.10.20 15:55:52 WARN  no build target for: /home/jocal/Desktop/nodehipster_projects/jovi-trade/backend-dejotrade/scala-play-react-seed/app/controllers/HomeController.scala
2020.10.20 16:29:59 INFO  shutting down Metals
2020.10.20 18:20:46 INFO  started: Metals version 0.9.4 in workspace '/home/jocal/Desktop/nodehipster_projects/jovi-trade/backend-dejotrade/scala-play-react-seed' for client vscode.
2020.10.20 18:20:48 INFO  time: initialize in 1.92s
2020.10.20 18:20:52 INFO  skipping build import with status 'Requested'
2020.10.20 18:20:55 INFO  no build target: using presentation compiler with only scala-library
Oct 20, 2020 6:20:55 PM org.eclipse.lsp4j.jsonrpc.RemoteEndpoint handleCancellation
WARNING: Unmatched cancel notification for request id 1
Oct 20, 2020 6:20:55 PM org.eclipse.lsp4j.jsonrpc.RemoteEndpoint handleCancellation
WARNING: Unmatched cancel notification for request id 3
2020.10.20 18:20:56 INFO  skipping build import with status 'Requested'
